<?xml version="1.0" encoding="UTF-8"?>
<!-- Generated by org.testng.reporters.JUnitXMLReporter -->
<testsuite ignored="4" hostname="LAPTOP-58IR3VEO" failures="0" tests="1" name="Car Loan" time="0.002" errors="0" timestamp="2022-03-16T15:57:05 EDT">
  <testcase classname="Test.Third" name="APILoginCarLoan" time="0.0"/>
  <testcase classname="Test.Third" name="MobileSignOutCarLoan" time="0.0">
    <ignored/>
  </testcase> <!-- MobileSignOutCarLoan -->
  <testcase classname="Test.Third" name="WebLoginCarLoan" time="0.0">
    <ignored/>
  </testcase> <!-- WebLoginCarLoan -->
  <testcase classname="Test.Third" name="MobileSignCarLoan" time="0.0">
    <ignored/>
  </testcase> <!-- MobileSignCarLoan -->
  <testcase classname="Test.Third" name="MobileLoginCarLoan" time="0.0">
    <ignored/>
  </testcase> <!-- MobileLoginCarLoan -->
</testsuite> <!-- Car Loan -->
