<?xml version="1.0" encoding="UTF-8"?>
<!-- Generated by org.testng.reporters.JUnitXMLReporter -->
<testsuite ignored="1" hostname="LAPTOP-58IR3VEO" failures="1" tests="12" name="Personal Loan" time="0.063" errors="0" timestamp="2022-04-07T15:12:49 EDT">
  <testcase classname="Test.first" name="Demo" time="0.004"/>
  <testcase classname="Test.first" name="demon" time="0.003">
    <failure type="java.lang.AssertionError" message="expected [true] but found [false]">
      <![CDATA[java.lang.AssertionError: expected [true] but found [false]
at Test.first.demon(first.java:27)
at java.base/java.util.ArrayList.forEach(ArrayList.java:1511)
... Removed 31 stack frames]]>
    </failure>
  </testcase> <!-- demon -->
  <testcase classname="Test.second" name="demon" time="0.001"/>
  <testcase classname="Test.second" name="secondDemo1" time="0.001"/>
  <testcase classname="Test.second" name="secondDemo1" time="0.001"/>
  <testcase classname="Test.foutrh" name="APILoginHomeLoan" time="0.001"/>
  <testcase classname="Test.foutrh" name="MobileLoginHomeLoan" time="0.001"/>
  <testcase classname="Test.foutrh" name="WebLoginHomeLoan" time="0.001"/>
  <testcase classname="Test.Third" name="MobileSignCarLoan" time="0.001"/>
  <testcase classname="Test.Third" name="MobileSignOutCarLoan" time="0.001"/>
  <testcase classname="Test.Third" name="WebLoginCarLoan" time="0.001"/>
  <testcase classname="Test.Third" name="MobileLoginCarLoan" time="0.002"/>
  <testcase classname="Test.Third" name="APILoginCarLoan" time="0.0">
    <ignored/>
  </testcase> <!-- APILoginCarLoan -->
</testsuite> <!-- Personal Loan -->
